<?xml version="1.0" encoding="UTF-8"?>
<!-- Generated by org.testng.reporters.JUnitReportReporter -->
<testsuite skipped="0" hostname="S-PC" name="PurchaseOrder.TC_003Test" tests="1" failures="0" timestamp="2021-06-25T09:57:05 IST" time="89.890" errors="0">
  <testcase name="CreateNewVender" time="89.890" classname="PurchaseOrder.TC_003Test"/>
  <system-out>
[ PO31 ] vTiger_9960 - Purchase Order Information   Updated today (25 Jun 2021) By Administrator  Vender Created Successfully  </system-out>
</testsuite> <!-- PurchaseOrder.TC_003Test -->
