<?xml version="1.0" encoding="UTF-8"?>
<!-- Generated by org.testng.reporters.JUnitReportReporter -->
<testsuite skipped="0" hostname="S-PC" name="PurchaseOrder.TC_005Test" tests="1" failures="0" timestamp="2021-06-26T12:23:33 IST" time="77.878" errors="0">
  <testcase name="CreatePurchaseOrderWithItemAndProduct" time="77.878" classname="PurchaseOrder.TC_005Test"/>
  <system-out>
Selected Product Name :dress [ PO32 ] vTiger_6356 - Purchase Order Information   Updated today (26 Jun 2021) By Administrator   </system-out>
</testsuite> <!-- PurchaseOrder.TC_005Test -->
