<?xml version="1.0" encoding="UTF-8"?>
<!-- Generated by org.testng.reporters.JUnitReportReporter -->
<testsuite skipped="0" hostname="S-PC" name="PurchaseOrder.TC_001Test" tests="1" failures="0" timestamp="2021-06-25T08:36:11 IST" time="87.282" errors="0">
  <testcase name="demo" time="87.282" classname="PurchaseOrder.TC_001Test"/>
  <system-out>
[ PO28 ] vTiger_0123 - Purchase Order Information   Updated today (25 Jun 2021) By Administrator   </system-out>
</testsuite> <!-- PurchaseOrder.TC_001Test -->
