<?xml version="1.0" encoding="UTF-8"?>
<!-- Generated by org.testng.reporters.JUnitReportReporter -->
<testsuite skipped="0" hostname="S-PC" name="PurchaseOrder.TC_002Test" tests="1" failures="0" timestamp="2021-06-25T09:10:26 IST" time="69.577" errors="0">
  <testcase name="createPurchaseOrder" time="69.577" classname="PurchaseOrder.TC_002Test"/>
  <system-out>
[ PO30 ] vTiger_2102 - Purchase Order Information   Updated today (25 Jun 2021) By Administrator  Vender Name :Life Style  </system-out>
</testsuite> <!-- PurchaseOrder.TC_002Test -->
