<?xml version="1.0" encoding="UTF-8"?>
<!-- Generated by org.testng.reporters.JUnitReportReporter -->
<testsuite skipped="0" hostname="S-PC" name="PurchaseOrder.TC_004Test" tests="1" failures="0" timestamp="2021-06-26T10:50:33 IST" time="63.154" errors="0">
  <testcase name="CreateNewProduct" time="63.154" classname="PurchaseOrder.TC_004Test"/>
  <system-out>
Selected Product Name :dress  </system-out>
</testsuite> <!-- PurchaseOrder.TC_004Test -->
